[     327ms] [LOG] 
                learnlea
            learnlearnlearn
          learnlearnlearnlear
          learn          lear
        learn
        learn
        learn
        learn
          learn          lear
          learnlearnlearnlear
            learnlearnlearn
                learnlea

   ___ ___  _   _ _ __ ___  ___ _ __ __ _
  / __/ _ \| | | | '__/ __|/ _ \ '__/ _` |
 | (_| (_) | |_| | |  \__ \  __/ | | (_| |
  \___\___/ \__,_|_|  |___/\___|_|  \__,_|

     🎓  Passionate about education?
     💙  Come work at Coursera!
     🚀  https://careers.coursera.com
 @ https://d3njjcbhbojbot.cloudfront.net/webapps/r2-builds/br/accomplishments/es.app.49a32120ea2143c9b8ab.js:1
[     413ms] [WARNING]   WARN  [Statsig] The user does not have the required id_type "userID" for Gate "personalised_settings_page" @ https://d3njjcbhbojbot.cloudfront.net/webapps/r2-builds/br/accomplishments/es.app.49a32120ea2143c9b8ab.js:1
[     430ms] [WARNING]   WARN  [Statsig] useLayer hook failed to find a valid Statsig client for layer 'boost-chatbot-header-everywhere-layer'. @ https://d3njjcbhbojbot.cloudfront.net/webapps/r2-builds/br/accomplishments/es.app.49a32120ea2143c9b8ab.js:1
[     457ms] [WARNING]   WARN  [Statsig] useLayer hook failed to find a valid Statsig client for layer 'boost-chatbot-header-everywhere-layer'. @ https://d3njjcbhbojbot.cloudfront.net/webapps/r2-builds/br/accomplishments/es.app.49a32120ea2143c9b8ab.js:1
[     481ms] [ERROR] {"stack":"Error: Minified React error #425; visit https://reactjs.org/docs/error-decoder.html?invariant=425 for the full message or use the non-minified dev environment for full errors and additional helpful warnings.\n    at Af (https://d3njjcbhbojbot.cloudfront.net/webapps/r2-builds/br/accomplishments/es.app.49a32120ea2143c9b8ab.js:2:3820042)\n    at Ej (https://d3njjcbhbojbot.cloudfront.net/webapps/r2-builds/br/accomplishments/es.app.49a32120ea2143c9b8ab.js:2:3863264)\n    at Sk (https://d3njjcbhbojbot.cloudfront.net/webapps/r2-builds/br/accomplishments/es.app.49a32120ea2143c9b8ab.js:2:3888634)\n    at Uk (https://d3njjcbhbojbot.cloudfront.net/webapps/r2-builds/br/accomplishments/es.app.49a32120ea2143c9b8ab.js:2:3888368)\n    at Tk (https://d3njjcbhbojbot.cloudfront.net/webapps/r2-builds/br/accomplishments/es.app.49a32120ea2143c9b8ab.js:2:3888235)\n    at Ik (https://d3njjcbhbojbot.cloudfront.net/webapps/r2-builds/br/accomplishments/es.app.49a32120ea2143c9b8ab.js:2:3888096)\n    at Gk (https://d3njjcbhbojbot.cloudfront.net/webapps/r2-builds/br/accomplishments/es.app.49a32120ea2143c9b8ab.js:2:3883007)\n    at J (https://d3njjcbhbojbot.cloudfront.net/webapps/r2-builds/br/accomplishments/es.app.49a32120ea2143c9b8ab.js:2:1401297)\n    at R (https://d3njjcbhbojbot.cloudfront.net/webapps/r2-builds/br/accomplishments/es.app.49a32120ea2143c9b8ab.js:2:1401880)\n    at We.rt.<computed> (https://d3njjcbhbojbot.cloudfront.net/webapps/r2-builds/br/accomplishments/es.app.49a32120ea2143c9b8ab.js:2:1427863)","message":"Minified React error #425; visit https://reactjs.org/docs/error-decoder.html?invariant=425 for the full message or use the non-minified dev environment for full errors and additional helpful warnings."} @ https://d3njjcbhbojbot.cloudfront.net/webapps/r2-builds/br/accomplishments/es.app.49a32120ea2143c9b8ab.js:1
[     484ms] Error: Minified React error #425; visit https://reactjs.org/docs/error-decoder.html?invariant=425 for the full message or use the non-minified dev environment for full errors and additional helpful warnings.
    at Af (https://d3njjcbhbojbot.cloudfront.net/webapps/r2-builds/br/accomplishments/es.app.49a32120ea2143c9b8ab.js:2:3820042)
    at Ej (https://d3njjcbhbojbot.cloudfront.net/webapps/r2-builds/br/accomplishments/es.app.49a32120ea2143c9b8ab.js:2:3863264)
    at Sk (https://d3njjcbhbojbot.cloudfront.net/webapps/r2-builds/br/accomplishments/es.app.49a32120ea2143c9b8ab.js:2:3888634)
    at Uk (https://d3njjcbhbojbot.cloudfront.net/webapps/r2-builds/br/accomplishments/es.app.49a32120ea2143c9b8ab.js:2:3888368)
    at Tk (https://d3njjcbhbojbot.cloudfront.net/webapps/r2-builds/br/accomplishments/es.app.49a32120ea2143c9b8ab.js:2:3888235)
    at Ik (https://d3njjcbhbojbot.cloudfront.net/webapps/r2-builds/br/accomplishments/es.app.49a32120ea2143c9b8ab.js:2:3888096)
    at Gk (https://d3njjcbhbojbot.cloudfront.net/webapps/r2-builds/br/accomplishments/es.app.49a32120ea2143c9b8ab.js:2:3883007)
    at J (https://d3njjcbhbojbot.cloudfront.net/webapps/r2-builds/br/accomplishments/es.app.49a32120ea2143c9b8ab.js:2:1401297)
    at R (https://d3njjcbhbojbot.cloudfront.net/webapps/r2-builds/br/accomplishments/es.app.49a32120ea2143c9b8ab.js:2:1401880)
    at We.rt.<computed> (https://d3njjcbhbojbot.cloudfront.net/webapps/r2-builds/br/accomplishments/es.app.49a32120ea2143c9b8ab.js:2:1427863)
[     483ms] [ERROR] {"stack":"Error: Minified React error #425; visit https://reactjs.org/docs/error-decoder.html?invariant=425 for the full message or use the non-minified dev environment for full errors and additional helpful warnings.\n    at Af (https://d3njjcbhbojbot.cloudfront.net/webapps/r2-builds/br/accomplishments/es.app.49a32120ea2143c9b8ab.js:2:3820042)\n    at Ej (https://d3njjcbhbojbot.cloudfront.net/webapps/r2-builds/br/accomplishments/es.app.49a32120ea2143c9b8ab.js:2:3863264)\n    at Sk (https://d3njjcbhbojbot.cloudfront.net/webapps/r2-builds/br/accomplishments/es.app.49a32120ea2143c9b8ab.js:2:3888634)\n    at Uk (https://d3njjcbhbojbot.cloudfront.net/webapps/r2-builds/br/accomplishments/es.app.49a32120ea2143c9b8ab.js:2:3888368)\n    at Tk (https://d3njjcbhbojbot.cloudfront.net/webapps/r2-builds/br/accomplishments/es.app.49a32120ea2143c9b8ab.js:2:3888235)\n    at Ik (https://d3njjcbhbojbot.cloudfront.net/webapps/r2-builds/br/accomplishments/es.app.49a32120ea2143c9b8ab.js:2:3888096)\n    at Gk (https://d3njjcbhbojbot.cloudfront.net/webapps/r2-builds/br/accomplishments/es.app.49a32120ea2143c9b8ab.js:2:3883007)\n    at J (https://d3njjcbhbojbot.cloudfront.net/webapps/r2-builds/br/accomplishments/es.app.49a32120ea2143c9b8ab.js:2:1401297)\n    at R (https://d3njjcbhbojbot.cloudfront.net/webapps/r2-builds/br/accomplishments/es.app.49a32120ea2143c9b8ab.js:2:1401880)\n    at We.rt.<computed> (https://d3njjcbhbojbot.cloudfront.net/webapps/r2-builds/br/accomplishments/es.app.49a32120ea2143c9b8ab.js:2:1427863)","message":"Minified React error #425; visit https://reactjs.org/docs/error-decoder.html?invariant=425 for the full message or use the non-minified dev environment for full errors and additional helpful warnings."} @ https://d3njjcbhbojbot.cloudfront.net/webapps/r2-builds/br/accomplishments/es.app.49a32120ea2143c9b8ab.js:1
[     485ms] Error: Minified React error #425; visit https://reactjs.org/docs/error-decoder.html?invariant=425 for the full message or use the non-minified dev environment for full errors and additional helpful warnings.
    at Af (https://d3njjcbhbojbot.cloudfront.net/webapps/r2-builds/br/accomplishments/es.app.49a32120ea2143c9b8ab.js:2:3820042)
    at Ej (https://d3njjcbhbojbot.cloudfront.net/webapps/r2-builds/br/accomplishments/es.app.49a32120ea2143c9b8ab.js:2:3863264)
    at Sk (https://d3njjcbhbojbot.cloudfront.net/webapps/r2-builds/br/accomplishments/es.app.49a32120ea2143c9b8ab.js:2:3888634)
    at Uk (https://d3njjcbhbojbot.cloudfront.net/webapps/r2-builds/br/accomplishments/es.app.49a32120ea2143c9b8ab.js:2:3888368)
    at Tk (https://d3njjcbhbojbot.cloudfront.net/webapps/r2-builds/br/accomplishments/es.app.49a32120ea2143c9b8ab.js:2:3888235)
    at Ik (https://d3njjcbhbojbot.cloudfront.net/webapps/r2-builds/br/accomplishments/es.app.49a32120ea2143c9b8ab.js:2:3888096)
    at Gk (https://d3njjcbhbojbot.cloudfront.net/webapps/r2-builds/br/accomplishments/es.app.49a32120ea2143c9b8ab.js:2:3883007)
    at J (https://d3njjcbhbojbot.cloudfront.net/webapps/r2-builds/br/accomplishments/es.app.49a32120ea2143c9b8ab.js:2:1401297)
    at R (https://d3njjcbhbojbot.cloudfront.net/webapps/r2-builds/br/accomplishments/es.app.49a32120ea2143c9b8ab.js:2:1401880)
    at We.rt.<computed> (https://d3njjcbhbojbot.cloudfront.net/webapps/r2-builds/br/accomplishments/es.app.49a32120ea2143c9b8ab.js:2:1427863)
[     483ms] [ERROR] {"stack":"Error: Minified React error #418; visit https://reactjs.org/docs/error-decoder.html?invariant=418 for the full message or use the non-minified dev environment for full errors and additional helpful warnings.\n    at Eg (https://d3njjcbhbojbot.cloudfront.net/webapps/r2-builds/br/accomplishments/es.app.49a32120ea2143c9b8ab.js:2:3824969)\n    at So (https://d3njjcbhbojbot.cloudfront.net/webapps/r2-builds/br/accomplishments/es.app.49a32120ea2143c9b8ab.js:2:3901345)\n    at Uk (https://d3njjcbhbojbot.cloudfront.net/webapps/r2-builds/br/accomplishments/es.app.49a32120ea2143c9b8ab.js:2:3888307)\n    at Tk (https://d3njjcbhbojbot.cloudfront.net/webapps/r2-builds/br/accomplishments/es.app.49a32120ea2143c9b8ab.js:2:3888235)\n    at Ik (https://d3njjcbhbojbot.cloudfront.net/webapps/r2-builds/br/accomplishments/es.app.49a32120ea2143c9b8ab.js:2:3888096)\n    at Gk (https://d3njjcbhbojbot.cloudfront.net/webapps/r2-builds/br/accomplishments/es.app.49a32120ea2143c9b8ab.js:2:3883007)\n    at J (https://d3njjcbhbojbot.cloudfront.net/webapps/r2-builds/br/accomplishments/es.app.49a32120ea2143c9b8ab.js:2:1401297)\n    at R (https://d3njjcbhbojbot.cloudfront.net/webapps/r2-builds/br/accomplishments/es.app.49a32120ea2143c9b8ab.js:2:1401880)\n    at We.rt.<computed> (https://d3njjcbhbojbot.cloudfront.net/webapps/r2-builds/br/accomplishments/es.app.49a32120ea2143c9b8ab.js:2:1427863)\n    at run (https://d3njjcbhbojbot.cloudfront.net/webapps/r2-builds/br/accomplishments/es.app.49a32120ea2143c9b8ab.js:2:1427601)","message":"Minified React error #418; visit https://reactjs.org/docs/error-decoder.html?invariant=418 for the full message or use the non-minified dev environment for full errors and additional helpful warnings."} @ https://d3njjcbhbojbot.cloudfront.net/webapps/r2-builds/br/accomplishments/es.app.49a32120ea2143c9b8ab.js:1
[     485ms] Error: Minified React error #418; visit https://reactjs.org/docs/error-decoder.html?invariant=418 for the full message or use the non-minified dev environment for full errors and additional helpful warnings.
    at Eg (https://d3njjcbhbojbot.cloudfront.net/webapps/r2-builds/br/accomplishments/es.app.49a32120ea2143c9b8ab.js:2:3824969)
    at So (https://d3njjcbhbojbot.cloudfront.net/webapps/r2-builds/br/accomplishments/es.app.49a32120ea2143c9b8ab.js:2:3901345)
    at Uk (https://d3njjcbhbojbot.cloudfront.net/webapps/r2-builds/br/accomplishments/es.app.49a32120ea2143c9b8ab.js:2:3888307)
    at Tk (https://d3njjcbhbojbot.cloudfront.net/webapps/r2-builds/br/accomplishments/es.app.49a32120ea2143c9b8ab.js:2:3888235)
    at Ik (https://d3njjcbhbojbot.cloudfront.net/webapps/r2-builds/br/accomplishments/es.app.49a32120ea2143c9b8ab.js:2:3888096)
    at Gk (https://d3njjcbhbojbot.cloudfront.net/webapps/r2-builds/br/accomplishments/es.app.49a32120ea2143c9b8ab.js:2:3883007)
    at J (https://d3njjcbhbojbot.cloudfront.net/webapps/r2-builds/br/accomplishments/es.app.49a32120ea2143c9b8ab.js:2:1401297)
    at R (https://d3njjcbhbojbot.cloudfront.net/webapps/r2-builds/br/accomplishments/es.app.49a32120ea2143c9b8ab.js:2:1401880)
    at We.rt.<computed> (https://d3njjcbhbojbot.cloudfront.net/webapps/r2-builds/br/accomplishments/es.app.49a32120ea2143c9b8ab.js:2:1427863)
    at run (https://d3njjcbhbojbot.cloudfront.net/webapps/r2-builds/br/accomplishments/es.app.49a32120ea2143c9b8ab.js:2:1427601)
[     483ms] [ERROR] {"stack":"Error: Minified React error #418; visit https://reactjs.org/docs/error-decoder.html?invariant=418 for the full message or use the non-minified dev environment for full errors and additional helpful warnings.\n    at Eg (https://d3njjcbhbojbot.cloudfront.net/webapps/r2-builds/br/accomplishments/es.app.49a32120ea2143c9b8ab.js:2:3824969)\n    at So (https://d3njjcbhbojbot.cloudfront.net/webapps/r2-builds/br/accomplishments/es.app.49a32120ea2143c9b8ab.js:2:3901345)\n    at Uk (https://d3njjcbhbojbot.cloudfront.net/webapps/r2-builds/br/accomplishments/es.app.49a32120ea2143c9b8ab.js:2:3888307)\n    at Tk (https://d3njjcbhbojbot.cloudfront.net/webapps/r2-builds/br/accomplishments/es.app.49a32120ea2143c9b8ab.js:2:3888235)\n    at Ik (https://d3njjcbhbojbot.cloudfront.net/webapps/r2-builds/br/accomplishments/es.app.49a32120ea2143c9b8ab.js:2:3888096)\n    at Gk (https://d3njjcbhbojbot.cloudfront.net/webapps/r2-builds/br/accomplishments/es.app.49a32120ea2143c9b8ab.js:2:3883007)\n    at J (https://d3njjcbhbojbot.cloudfront.net/webapps/r2-builds/br/accomplishments/es.app.49a32120ea2143c9b8ab.js:2:1401297)\n    at R (https://d3njjcbhbojbot.cloudfront.net/webapps/r2-builds/br/accomplishments/es.app.49a32120ea2143c9b8ab.js:2:1401880)\n    at We.rt.<computed> (https://d3njjcbhbojbot.cloudfront.net/webapps/r2-builds/br/accomplishments/es.app.49a32120ea2143c9b8ab.js:2:1427863)\n    at run (https://d3njjcbhbojbot.cloudfront.net/webapps/r2-builds/br/accomplishments/es.app.49a32120ea2143c9b8ab.js:2:1427601)","message":"Minified React error #418; visit https://reactjs.org/docs/error-decoder.html?invariant=418 for the full message or use the non-minified dev environment for full errors and additional helpful warnings."} @ https://d3njjcbhbojbot.cloudfront.net/webapps/r2-builds/br/accomplishments/es.app.49a32120ea2143c9b8ab.js:1
[     485ms] Error: Minified React error #418; visit https://reactjs.org/docs/error-decoder.html?invariant=418 for the full message or use the non-minified dev environment for full errors and additional helpful warnings.
    at Eg (https://d3njjcbhbojbot.cloudfront.net/webapps/r2-builds/br/accomplishments/es.app.49a32120ea2143c9b8ab.js:2:3824969)
    at So (https://d3njjcbhbojbot.cloudfront.net/webapps/r2-builds/br/accomplishments/es.app.49a32120ea2143c9b8ab.js:2:3901345)
    at Uk (https://d3njjcbhbojbot.cloudfront.net/webapps/r2-builds/br/accomplishments/es.app.49a32120ea2143c9b8ab.js:2:3888307)
    at Tk (https://d3njjcbhbojbot.cloudfront.net/webapps/r2-builds/br/accomplishments/es.app.49a32120ea2143c9b8ab.js:2:3888235)
    at Ik (https://d3njjcbhbojbot.cloudfront.net/webapps/r2-builds/br/accomplishments/es.app.49a32120ea2143c9b8ab.js:2:3888096)
    at Gk (https://d3njjcbhbojbot.cloudfront.net/webapps/r2-builds/br/accomplishments/es.app.49a32120ea2143c9b8ab.js:2:3883007)
    at J (https://d3njjcbhbojbot.cloudfront.net/webapps/r2-builds/br/accomplishments/es.app.49a32120ea2143c9b8ab.js:2:1401297)
    at R (https://d3njjcbhbojbot.cloudfront.net/webapps/r2-builds/br/accomplishments/es.app.49a32120ea2143c9b8ab.js:2:1401880)
    at We.rt.<computed> (https://d3njjcbhbojbot.cloudfront.net/webapps/r2-builds/br/accomplishments/es.app.49a32120ea2143c9b8ab.js:2:1427863)
    at run (https://d3njjcbhbojbot.cloudfront.net/webapps/r2-builds/br/accomplishments/es.app.49a32120ea2143c9b8ab.js:2:1427601)
[     484ms] [ERROR] {"stack":"Error: Minified React error #418; visit https://reactjs.org/docs/error-decoder.html?invariant=418 for the full message or use the non-minified dev environment for full errors and additional helpful warnings.\n    at Eg (https://d3njjcbhbojbot.cloudfront.net/webapps/r2-builds/br/accomplishments/es.app.49a32120ea2143c9b8ab.js:2:3824969)\n    at So (https://d3njjcbhbojbot.cloudfront.net/webapps/r2-builds/br/accomplishments/es.app.49a32120ea2143c9b8ab.js:2:3901345)\n    at Uk (https://d3njjcbhbojbot.cloudfront.net/webapps/r2-builds/br/accomplishments/es.app.49a32120ea2143c9b8ab.js:2:3888307)\n    at Tk (https://d3njjcbhbojbot.cloudfront.net/webapps/r2-builds/br/accomplishments/es.app.49a32120ea2143c9b8ab.js:2:3888235)\n    at Ik (https://d3njjcbhbojbot.cloudfront.net/webapps/r2-builds/br/accomplishments/es.app.49a32120ea2143c9b8ab.js:2:3888096)\n    at Gk (https://d3njjcbhbojbot.cloudfront.net/webapps/r2-builds/br/accomplishments/es.app.49a32120ea2143c9b8ab.js:2:3883007)\n    at J (https://d3njjcbhbojbot.cloudfront.net/webapps/r2-builds/br/accomplishments/es.app.49a32120ea2143c9b8ab.js:2:1401297)\n    at R (https://d3njjcbhbojbot.cloudfront.net/webapps/r2-builds/br/accomplishments/es.app.49a32120ea2143c9b8ab.js:2:1401880)\n    at We.rt.<computed> (https://d3njjcbhbojbot.cloudfront.net/webapps/r2-builds/br/accomplishments/es.app.49a32120ea2143c9b8ab.js:2:1427863)\n    at run (https://d3njjcbhbojbot.cloudfront.net/webapps/r2-builds/br/accomplishments/es.app.49a32120ea2143c9b8ab.js:2:1427601)","message":"Minified React error #418; visit https://reactjs.org/docs/error-decoder.html?invariant=418 for the full message or use the non-minified dev environment for full errors and additional helpful warnings."} @ https://d3njjcbhbojbot.cloudfront.net/webapps/r2-builds/br/accomplishments/es.app.49a32120ea2143c9b8ab.js:1
[     485ms] Error: Minified React error #418; visit https://reactjs.org/docs/error-decoder.html?invariant=418 for the full message or use the non-minified dev environment for full errors and additional helpful warnings.
    at Eg (https://d3njjcbhbojbot.cloudfront.net/webapps/r2-builds/br/accomplishments/es.app.49a32120ea2143c9b8ab.js:2:3824969)
    at So (https://d3njjcbhbojbot.cloudfront.net/webapps/r2-builds/br/accomplishments/es.app.49a32120ea2143c9b8ab.js:2:3901345)
    at Uk (https://d3njjcbhbojbot.cloudfront.net/webapps/r2-builds/br/accomplishments/es.app.49a32120ea2143c9b8ab.js:2:3888307)
    at Tk (https://d3njjcbhbojbot.cloudfront.net/webapps/r2-builds/br/accomplishments/es.app.49a32120ea2143c9b8ab.js:2:3888235)
    at Ik (https://d3njjcbhbojbot.cloudfront.net/webapps/r2-builds/br/accomplishments/es.app.49a32120ea2143c9b8ab.js:2:3888096)
    at Gk (https://d3njjcbhbojbot.cloudfront.net/webapps/r2-builds/br/accomplishments/es.app.49a32120ea2143c9b8ab.js:2:3883007)
    at J (https://d3njjcbhbojbot.cloudfront.net/webapps/r2-builds/br/accomplishments/es.app.49a32120ea2143c9b8ab.js:2:1401297)
    at R (https://d3njjcbhbojbot.cloudfront.net/webapps/r2-builds/br/accomplishments/es.app.49a32120ea2143c9b8ab.js:2:1401880)
    at We.rt.<computed> (https://d3njjcbhbojbot.cloudfront.net/webapps/r2-builds/br/accomplishments/es.app.49a32120ea2143c9b8ab.js:2:1427863)
    at run (https://d3njjcbhbojbot.cloudfront.net/webapps/r2-builds/br/accomplishments/es.app.49a32120ea2143c9b8ab.js:2:1427601)
[     484ms] [ERROR] {"stack":"Error: Minified React error #418; visit https://reactjs.org/docs/error-decoder.html?invariant=418 for the full message or use the non-minified dev environment for full errors and additional helpful warnings.\n    at Eg (https://d3njjcbhbojbot.cloudfront.net/webapps/r2-builds/br/accomplishments/es.app.49a32120ea2143c9b8ab.js:2:3824969)\n    at So (https://d3njjcbhbojbot.cloudfront.net/webapps/r2-builds/br/accomplishments/es.app.49a32120ea2143c9b8ab.js:2:3901345)\n    at Uk (https://d3njjcbhbojbot.cloudfront.net/webapps/r2-builds/br/accomplishments/es.app.49a32120ea2143c9b8ab.js:2:3888307)\n    at Tk (https://d3njjcbhbojbot.cloudfront.net/webapps/r2-builds/br/accomplishments/es.app.49a32120ea2143c9b8ab.js:2:3888235)\n    at Ik (https://d3njjcbhbojbot.cloudfront.net/webapps/r2-builds/br/accomplishments/es.app.49a32120ea2143c9b8ab.js:2:3888096)\n    at Gk (https://d3njjcbhbojbot.cloudfront.net/webapps/r2-builds/br/accomplishments/es.app.49a32120ea2143c9b8ab.js:2:3883007)\n    at J (https://d3njjcbhbojbot.cloudfront.net/webapps/r2-builds/br/accomplishments/es.app.49a32120ea2143c9b8ab.js:2:1401297)\n    at R (https://d3njjcbhbojbot.cloudfront.net/webapps/r2-builds/br/accomplishments/es.app.49a32120ea2143c9b8ab.js:2:1401880)\n    at We.rt.<computed> (https://d3njjcbhbojbot.cloudfront.net/webapps/r2-builds/br/accomplishments/es.app.49a32120ea2143c9b8ab.js:2:1427863)\n    at run (https://d3njjcbhbojbot.cloudfront.net/webapps/r2-builds/br/accomplishments/es.app.49a32120ea2143c9b8ab.js:2:1427601)","message":"Minified React error #418; visit https://reactjs.org/docs/error-decoder.html?invariant=418 for the full message or use the non-minified dev environment for full errors and additional helpful warnings."} @ https://d3njjcbhbojbot.cloudfront.net/webapps/r2-builds/br/accomplishments/es.app.49a32120ea2143c9b8ab.js:1
[     485ms] Error: Minified React error #418; visit https://reactjs.org/docs/error-decoder.html?invariant=418 for the full message or use the non-minified dev environment for full errors and additional helpful warnings.
    at Eg (https://d3njjcbhbojbot.cloudfront.net/webapps/r2-builds/br/accomplishments/es.app.49a32120ea2143c9b8ab.js:2:3824969)
    at So (https://d3njjcbhbojbot.cloudfront.net/webapps/r2-builds/br/accomplishments/es.app.49a32120ea2143c9b8ab.js:2:3901345)
    at Uk (https://d3njjcbhbojbot.cloudfront.net/webapps/r2-builds/br/accomplishments/es.app.49a32120ea2143c9b8ab.js:2:3888307)
    at Tk (https://d3njjcbhbojbot.cloudfront.net/webapps/r2-builds/br/accomplishments/es.app.49a32120ea2143c9b8ab.js:2:3888235)
    at Ik (https://d3njjcbhbojbot.cloudfront.net/webapps/r2-builds/br/accomplishments/es.app.49a32120ea2143c9b8ab.js:2:3888096)
    at Gk (https://d3njjcbhbojbot.cloudfront.net/webapps/r2-builds/br/accomplishments/es.app.49a32120ea2143c9b8ab.js:2:3883007)
    at J (https://d3njjcbhbojbot.cloudfront.net/webapps/r2-builds/br/accomplishments/es.app.49a32120ea2143c9b8ab.js:2:1401297)
    at R (https://d3njjcbhbojbot.cloudfront.net/webapps/r2-builds/br/accomplishments/es.app.49a32120ea2143c9b8ab.js:2:1401880)
    at We.rt.<computed> (https://d3njjcbhbojbot.cloudfront.net/webapps/r2-builds/br/accomplishments/es.app.49a32120ea2143c9b8ab.js:2:1427863)
    at run (https://d3njjcbhbojbot.cloudfront.net/webapps/r2-builds/br/accomplishments/es.app.49a32120ea2143c9b8ab.js:2:1427601)
[     484ms] [ERROR] {"stack":"Error: Minified React error #418; visit https://reactjs.org/docs/error-decoder.html?invariant=418 for the full message or use the non-minified dev environment for full errors and additional helpful warnings.\n    at Eg (https://d3njjcbhbojbot.cloudfront.net/webapps/r2-builds/br/accomplishments/es.app.49a32120ea2143c9b8ab.js:2:3824969)\n    at So (https://d3njjcbhbojbot.cloudfront.net/webapps/r2-builds/br/accomplishments/es.app.49a32120ea2143c9b8ab.js:2:3901345)\n    at Uk (https://d3njjcbhbojbot.cloudfront.net/webapps/r2-builds/br/accomplishments/es.app.49a32120ea2143c9b8ab.js:2:3888307)\n    at Tk (https://d3njjcbhbojbot.cloudfront.net/webapps/r2-builds/br/accomplishments/es.app.49a32120ea2143c9b8ab.js:2:3888235)\n    at Ik (https://d3njjcbhbojbot.cloudfront.net/webapps/r2-builds/br/accomplishments/es.app.49a32120ea2143c9b8ab.js:2:3888096)\n    at Gk (https://d3njjcbhbojbot.cloudfront.net/webapps/r2-builds/br/accomplishments/es.app.49a32120ea2143c9b8ab.js:2:3883007)\n    at J (https://d3njjcbhbojbot.cloudfront.net/webapps/r2-builds/br/accomplishments/es.app.49a32120ea2143c9b8ab.js:2:1401297)\n    at R (https://d3njjcbhbojbot.cloudfront.net/webapps/r2-builds/br/accomplishments/es.app.49a32120ea2143c9b8ab.js:2:1401880)\n    at We.rt.<computed> (https://d3njjcbhbojbot.cloudfront.net/webapps/r2-builds/br/accomplishments/es.app.49a32120ea2143c9b8ab.js:2:1427863)\n    at run (https://d3njjcbhbojbot.cloudfront.net/webapps/r2-builds/br/accomplishments/es.app.49a32120ea2143c9b8ab.js:2:1427601)","message":"Minified React error #418; visit https://reactjs.org/docs/error-decoder.html?invariant=418 for the full message or use the non-minified dev environment for full errors and additional helpful warnings."} @ https://d3njjcbhbojbot.cloudfront.net/webapps/r2-builds/br/accomplishments/es.app.49a32120ea2143c9b8ab.js:1
[     485ms] Error: Minified React error #418; visit https://reactjs.org/docs/error-decoder.html?invariant=418 for the full message or use the non-minified dev environment for full errors and additional helpful warnings.
    at Eg (https://d3njjcbhbojbot.cloudfront.net/webapps/r2-builds/br/accomplishments/es.app.49a32120ea2143c9b8ab.js:2:3824969)
    at So (https://d3njjcbhbojbot.cloudfront.net/webapps/r2-builds/br/accomplishments/es.app.49a32120ea2143c9b8ab.js:2:3901345)
    at Uk (https://d3njjcbhbojbot.cloudfront.net/webapps/r2-builds/br/accomplishments/es.app.49a32120ea2143c9b8ab.js:2:3888307)
    at Tk (https://d3njjcbhbojbot.cloudfront.net/webapps/r2-builds/br/accomplishments/es.app.49a32120ea2143c9b8ab.js:2:3888235)
    at Ik (https://d3njjcbhbojbot.cloudfront.net/webapps/r2-builds/br/accomplishments/es.app.49a32120ea2143c9b8ab.js:2:3888096)
    at Gk (https://d3njjcbhbojbot.cloudfront.net/webapps/r2-builds/br/accomplishments/es.app.49a32120ea2143c9b8ab.js:2:3883007)
    at J (https://d3njjcbhbojbot.cloudfront.net/webapps/r2-builds/br/accomplishments/es.app.49a32120ea2143c9b8ab.js:2:1401297)
    at R (https://d3njjcbhbojbot.cloudfront.net/webapps/r2-builds/br/accomplishments/es.app.49a32120ea2143c9b8ab.js:2:1401880)
    at We.rt.<computed> (https://d3njjcbhbojbot.cloudfront.net/webapps/r2-builds/br/accomplishments/es.app.49a32120ea2143c9b8ab.js:2:1427863)
    at run (https://d3njjcbhbojbot.cloudfront.net/webapps/r2-builds/br/accomplishments/es.app.49a32120ea2143c9b8ab.js:2:1427601)
[     484ms] [ERROR] {"stack":"Error: Minified React error #418; visit https://reactjs.org/docs/error-decoder.html?invariant=418 for the full message or use the non-minified dev environment for full errors and additional helpful warnings.\n    at Eg (https://d3njjcbhbojbot.cloudfront.net/webapps/r2-builds/br/accomplishments/es.app.49a32120ea2143c9b8ab.js:2:3824969)\n    at So (https://d3njjcbhbojbot.cloudfront.net/webapps/r2-builds/br/accomplishments/es.app.49a32120ea2143c9b8ab.js:2:3901345)\n    at Uk (https://d3njjcbhbojbot.cloudfront.net/webapps/r2-builds/br/accomplishments/es.app.49a32120ea2143c9b8ab.js:2:3888307)\n    at Tk (https://d3njjcbhbojbot.cloudfront.net/webapps/r2-builds/br/accomplishments/es.app.49a32120ea2143c9b8ab.js:2:3888235)\n    at Ik (https://d3njjcbhbojbot.cloudfront.net/webapps/r2-builds/br/accomplishments/es.app.49a32120ea2143c9b8ab.js:2:3888096)\n    at Gk (https://d3njjcbhbojbot.cloudfront.net/webapps/r2-builds/br/accomplishments/es.app.49a32120ea2143c9b8ab.js:2:3883007)\n    at J (https://d3njjcbhbojbot.cloudfront.net/webapps/r2-builds/br/accomplishments/es.app.49a32120ea2143c9b8ab.js:2:1401297)\n    at R (https://d3njjcbhbojbot.cloudfront.net/webapps/r2-builds/br/accomplishments/es.app.49a32120ea2143c9b8ab.js:2:1401880)\n    at We.rt.<computed> (https://d3njjcbhbojbot.cloudfront.net/webapps/r2-builds/br/accomplishments/es.app.49a32120ea2143c9b8ab.js:2:1427863)\n    at run (https://d3njjcbhbojbot.cloudfront.net/webapps/r2-builds/br/accomplishments/es.app.49a32120ea2143c9b8ab.js:2:1427601)","message":"Minified React error #418; visit https://reactjs.org/docs/error-decoder.html?invariant=418 for the full message or use the non-minified dev environment for full errors and additional helpful warnings."} @ https://d3njjcbhbojbot.cloudfront.net/webapps/r2-builds/br/accomplishments/es.app.49a32120ea2143c9b8ab.js:1
[     485ms] Error: Minified React error #418; visit https://reactjs.org/docs/error-decoder.html?invariant=418 for the full message or use the non-minified dev environment for full errors and additional helpful warnings.
    at Eg (https://d3njjcbhbojbot.cloudfront.net/webapps/r2-builds/br/accomplishments/es.app.49a32120ea2143c9b8ab.js:2:3824969)
    at So (https://d3njjcbhbojbot.cloudfront.net/webapps/r2-builds/br/accomplishments/es.app.49a32120ea2143c9b8ab.js:2:3901345)
    at Uk (https://d3njjcbhbojbot.cloudfront.net/webapps/r2-builds/br/accomplishments/es.app.49a32120ea2143c9b8ab.js:2:3888307)
    at Tk (https://d3njjcbhbojbot.cloudfront.net/webapps/r2-builds/br/accomplishments/es.app.49a32120ea2143c9b8ab.js:2:3888235)
    at Ik (https://d3njjcbhbojbot.cloudfront.net/webapps/r2-builds/br/accomplishments/es.app.49a32120ea2143c9b8ab.js:2:3888096)
    at Gk (https://d3njjcbhbojbot.cloudfront.net/webapps/r2-builds/br/accomplishments/es.app.49a32120ea2143c9b8ab.js:2:3883007)
    at J (https://d3njjcbhbojbot.cloudfront.net/webapps/r2-builds/br/accomplishments/es.app.49a32120ea2143c9b8ab.js:2:1401297)
    at R (https://d3njjcbhbojbot.cloudfront.net/webapps/r2-builds/br/accomplishments/es.app.49a32120ea2143c9b8ab.js:2:1401880)
    at We.rt.<computed> (https://d3njjcbhbojbot.cloudfront.net/webapps/r2-builds/br/accomplishments/es.app.49a32120ea2143c9b8ab.js:2:1427863)
    at run (https://d3njjcbhbojbot.cloudfront.net/webapps/r2-builds/br/accomplishments/es.app.49a32120ea2143c9b8ab.js:2:1427601)
[     484ms] [ERROR] {"stack":"Error: Minified React error #423; visit https://reactjs.org/docs/error-decoder.html?invariant=423 for the full message or use the non-minified dev environment for full errors and additional helpful warnings.\n    at So (https://d3njjcbhbojbot.cloudfront.net/webapps/r2-builds/br/accomplishments/es.app.49a32120ea2143c9b8ab.js:2:3901012)\n    at Uk (https://d3njjcbhbojbot.cloudfront.net/webapps/r2-builds/br/accomplishments/es.app.49a32120ea2143c9b8ab.js:2:3888307)\n    at Tk (https://d3njjcbhbojbot.cloudfront.net/webapps/r2-builds/br/accomplishments/es.app.49a32120ea2143c9b8ab.js:2:3888235)\n    at Ik (https://d3njjcbhbojbot.cloudfront.net/webapps/r2-builds/br/accomplishments/es.app.49a32120ea2143c9b8ab.js:2:3888096)\n    at Nk (https://d3njjcbhbojbot.cloudfront.net/webapps/r2-builds/br/accomplishments/es.app.49a32120ea2143c9b8ab.js:2:3884765)\n    at Gk (https://d3njjcbhbojbot.cloudfront.net/webapps/r2-builds/br/accomplishments/es.app.49a32120ea2143c9b8ab.js:2:3883243)\n    at J (https://d3njjcbhbojbot.cloudfront.net/webapps/r2-builds/br/accomplishments/es.app.49a32120ea2143c9b8ab.js:2:1401297)\n    at R (https://d3njjcbhbojbot.cloudfront.net/webapps/r2-builds/br/accomplishments/es.app.49a32120ea2143c9b8ab.js:2:1401880)\n    at We.rt.<computed> (https://d3njjcbhbojbot.cloudfront.net/webapps/r2-builds/br/accomplishments/es.app.49a32120ea2143c9b8ab.js:2:1427863)\n    at run (https://d3njjcbhbojbot.cloudfront.net/webapps/r2-builds/br/accomplishments/es.app.49a32120ea2143c9b8ab.js:2:1427601)","message":"Minified React error #423; visit https://reactjs.org/docs/error-decoder.html?invariant=423 for the full message or use the non-minified dev environment for full errors and additional helpful warnings."} @ https://d3njjcbhbojbot.cloudfront.net/webapps/r2-builds/br/accomplishments/es.app.49a32120ea2143c9b8ab.js:1
[     485ms] Error: Minified React error #423; visit https://reactjs.org/docs/error-decoder.html?invariant=423 for the full message or use the non-minified dev environment for full errors and additional helpful warnings.
    at So (https://d3njjcbhbojbot.cloudfront.net/webapps/r2-builds/br/accomplishments/es.app.49a32120ea2143c9b8ab.js:2:3901012)
    at Uk (https://d3njjcbhbojbot.cloudfront.net/webapps/r2-builds/br/accomplishments/es.app.49a32120ea2143c9b8ab.js:2:3888307)
    at Tk (https://d3njjcbhbojbot.cloudfront.net/webapps/r2-builds/br/accomplishments/es.app.49a32120ea2143c9b8ab.js:2:3888235)
    at Ik (https://d3njjcbhbojbot.cloudfront.net/webapps/r2-builds/br/accomplishments/es.app.49a32120ea2143c9b8ab.js:2:3888096)
    at Nk (https://d3njjcbhbojbot.cloudfront.net/webapps/r2-builds/br/accomplishments/es.app.49a32120ea2143c9b8ab.js:2:3884765)
    at Gk (https://d3njjcbhbojbot.cloudfront.net/webapps/r2-builds/br/accomplishments/es.app.49a32120ea2143c9b8ab.js:2:3883243)
    at J (https://d3njjcbhbojbot.cloudfront.net/webapps/r2-builds/br/accomplishments/es.app.49a32120ea2143c9b8ab.js:2:1401297)
    at R (https://d3njjcbhbojbot.cloudfront.net/webapps/r2-builds/br/accomplishments/es.app.49a32120ea2143c9b8ab.js:2:1401880)
    at We.rt.<computed> (https://d3njjcbhbojbot.cloudfront.net/webapps/r2-builds/br/accomplishments/es.app.49a32120ea2143c9b8ab.js:2:1427863)
    at run (https://d3njjcbhbojbot.cloudfront.net/webapps/r2-builds/br/accomplishments/es.app.49a32120ea2143c9b8ab.js:2:1427601)
[     548ms] [LOG] {eventName: gtm.js, id: 438796} @ :15
[     549ms] [LOG] {eventName: gtm.js, id: 8652618} @ :15
[    1749ms] [WARNING] [GSI_LOGGER]: Your client application uses one of the Google One Tap prompt UI status methods that may stop functioning when FedCM becomes mandatory. Refer to the migration guide to update your code accordingly and opt-in to FedCM to test your changes. Learn more: https://developers.google.com/identity/gsi/web/guides/fedcm-migration?s=dc#display_moment and https://developers.google.com/identity/gsi/web/guides/fedcm-migration?s=dc#skipped_moment @ https://accounts.google.com/gsi/client:86
[    1755ms] [ERROR] Not signed in with the identity provider. @ https://www.coursera.org/account/accomplishments/verify/HG3Y6YHQ5YHZ:0
